<?xml version="1.0" encoding="UTF-8"?>
<testsuite name="com.phonebook.tests.RemoveContactTests" tests="1" skipped="0" failures="0" errors="0" timestamp="2024-02-18T13:59:51" hostname="MacBook-Pro-2.local" time="1.952">
  <properties/>
  <testcase name="removeContactTest" classname="com.phonebook.tests.RemoveContactTests" time="1.952"/>
  <system-out><![CDATA[14:59:39.756 [Test worker] INFO  com.phonebook.tests.TestBase -- Start test removeContactTestwith data []
14:59:53.812 [Test worker] INFO  com.phonebook.tests.TestBase -- Stop test
]]></system-out>
  <system-err><![CDATA[]]></system-err>
</testsuite>
