<?xml version="1.0" encoding="UTF-8"?>
<testsuite name="com.phonebook.tests.CreateAccountTests" tests="1" skipped="0" failures="0" errors="0" timestamp="2024-02-18T13:59:27" hostname="MacBook-Pro-2.local" time="0.798">
  <properties/>
  <testcase name="registerExistedUserNegativeTest" classname="com.phonebook.tests.CreateAccountTests" time="0.798"/>
  <system-out><![CDATA[14:59:17.462 [Test worker] INFO  com.phonebook.tests.TestBase -- Start test registerExistedUserNegativeTestwith data []
14:59:28.309 [Test worker] INFO  com.phonebook.tests.TestBase -- Stop test
]]></system-out>
  <system-err><![CDATA[]]></system-err>
</testsuite>
